10:01:41.438 [main                     ] DEBUG GameApplication      - Logger initialized
10:01:41.468 [main                     ] DEBUG GameApplication      - Logging settings
Title: Basic Game App
Version: 0.0
Width: 800
Height: 600
Fullscreen: false
Intro: false
Menus: false
Profiling: false
Single step:false
App Mode: DEVELOPER
Menu Key: ESCAPE
Stage Style: DECORATED
Scene Factory: class com.almasb.fxgl.app.SceneFactory
Dialog Factory: class com.almasb.fxgl.ui.FXGLDialogFactory
UI Factory: class com.almasb.fxgl.ui.FXGLUIFactory

10:01:41.962 [JavaFX Application Thread] DEBUG Engine               - Initializing FXGL
10:01:41.962 [JavaFX Application Thread] INFO  Engine               - FXGL-11.7 (05.01.2020 09.37) on WINDOWS (J:11.0.4 FX:11.0.1)
10:01:41.963 [JavaFX Application Thread] INFO  Engine               - Source code and latest versions at: https://github.com/AlmasB/FXGL
10:01:41.963 [JavaFX Application Thread] INFO  Engine               -              Join the FXGL chat at: https://gitter.im/AlmasB/FXGL
10:01:41.963 [JavaFX Application Thread] DEBUG Engine               - Initializing environment variables
10:01:41.967 [JavaFX Application Thread] DEBUG Engine               - Logging environment variables
10:01:41.967 [JavaFX Application Thread] DEBUG Engine               - achievements: []
10:01:41.967 [JavaFX Application Thread] DEBUG Engine               - sceneStack: com.almasb.fxgl.app.Engine@4801dd9b
10:01:41.968 [JavaFX Application Thread] DEBUG Engine               - language: ObjectProperty [value: ENGLISH]
10:01:41.968 [JavaFX Application Thread] DEBUG Engine               - isCloseConfirmation: false
10:01:41.968 [JavaFX Application Thread] DEBUG Engine               - isProfilingEnabled: false
10:01:41.968 [JavaFX Application Thread] DEBUG Engine               - soundNotification: core/notification.wav
10:01:41.968 [JavaFX Application Thread] DEBUG Engine               - devShowBBoxProperty: BooleanProperty [value: false]
10:01:41.970 [JavaFX Application Thread] DEBUG Engine               - pixelsPerMeter: 50.0
10:01:41.971 [JavaFX Application Thread] DEBUG Engine               - overlayRoot: Group@151b0aff
10:01:41.971 [JavaFX Application Thread] DEBUG Engine               - appIcon: fxgl_icon.png
10:01:41.971 [JavaFX Application Thread] DEBUG Engine               - soundMenuBack: menu/back.wav
10:01:41.971 [JavaFX Application Thread] DEBUG Engine               - isFullScreenAllowed: false
10:01:41.972 [JavaFX Application Thread] DEBUG Engine               - isIntroEnabled: false
10:01:41.972 [JavaFX Application Thread] DEBUG Engine               - eventBus: com.almasb.fxgl.event.EventBus@2ec016f1
10:01:41.972 [JavaFX Application Thread] DEBUG Engine               - fontMono: lucida_console.ttf
10:01:41.972 [JavaFX Application Thread] DEBUG Engine               - soundMenuSelect: menu/select.wav
10:01:41.972 [JavaFX Application Thread] DEBUG Engine               - isWindows: true
10:01:41.972 [JavaFX Application Thread] DEBUG Engine               - isMobile: false
10:01:41.972 [JavaFX Application Thread] DEBUG Engine               - height: 600
10:01:41.973 [JavaFX Application Thread] DEBUG Engine               - isExperimentalNative: false
10:01:41.973 [JavaFX Application Thread] DEBUG Engine               - isSingleStep: false
10:01:41.973 [JavaFX Application Thread] DEBUG Engine               - cSSList: [fxgl_dark.css]
10:01:41.973 [JavaFX Application Thread] DEBUG Engine               - fontGame: Abel-Regular.ttf
10:01:41.973 [JavaFX Application Thread] DEBUG Engine               - menuKey: ESCAPE
10:01:41.973 [JavaFX Application Thread] DEBUG Engine               - devShowPositionProperty: BooleanProperty [value: false]
10:01:41.973 [JavaFX Application Thread] DEBUG Engine               - versionCheckDays: 7
10:01:41.973 [JavaFX Application Thread] DEBUG Engine               - masterTimer: com.almasb.fxgl.time.Timer@686bfbb7
10:01:41.974 [JavaFX Application Thread] DEBUG Engine               - configClass: Optional.empty
10:01:41.974 [JavaFX Application Thread] DEBUG Engine               - isFullScreenFromStart: true
10:01:41.974 [JavaFX Application Thread] DEBUG Engine               - version: 0.0
10:01:41.974 [JavaFX Application Thread] DEBUG Engine               - fullScreen: BooleanProperty [value: true]
10:01:41.974 [JavaFX Application Thread] DEBUG Engine               - randomSeed: -1
10:01:41.974 [JavaFX Application Thread] DEBUG Engine               - dialogFactory: com.almasb.fxgl.ui.FXGLDialogFactory@6004101
10:01:41.974 [JavaFX Application Thread] DEBUG Engine               - applicationMode: DEVELOPER
10:01:41.974 [JavaFX Application Thread] DEBUG Engine               - isMac: false
10:01:41.974 [JavaFX Application Thread] DEBUG Engine               - urlGoogleForms: https://goo.gl/forms/6wrMnOBxTE1fEpOy2
10:01:41.975 [JavaFX Application Thread] DEBUG Engine               - isMenuEnabled: false
10:01:41.975 [JavaFX Application Thread] DEBUG Engine               - urlPOM: https://raw.githubusercontent.com/AlmasB/FXGL/master/pom.xml
10:01:41.975 [JavaFX Application Thread] DEBUG Engine               - profileName: user.profile
10:01:41.975 [JavaFX Application Thread] DEBUG Engine               - notificationViewClass: class com.almasb.fxgl.notification.view.XboxNotificationView
10:01:41.975 [JavaFX Application Thread] DEBUG Engine               - devSensorColorProperty: ObjectProperty [value: 0xffff00ff]
10:01:41.975 [JavaFX Application Thread] DEBUG Engine               - dataFileExt: .dat
10:01:41.975 [JavaFX Application Thread] DEBUG Engine               - sceneFactory: com.almasb.fxgl.app.SceneFactory@4b01efcc
10:01:41.975 [JavaFX Application Thread] DEBUG Engine               - stageStyle: DECORATED
10:01:41.976 [JavaFX Application Thread] DEBUG Engine               - isManualResizeEnabled: false
10:01:41.976 [JavaFX Application Thread] DEBUG Engine               - title: Basic Game App
10:01:41.976 [JavaFX Application Thread] DEBUG Engine               - platform: WINDOWS
10:01:41.976 [JavaFX Application Thread] DEBUG Engine               - devBBoxColorProperty: ObjectProperty [value: 0xff0000ff]
10:01:41.976 [JavaFX Application Thread] DEBUG Engine               - isDesktop: true
10:01:41.976 [JavaFX Application Thread] DEBUG Engine               - credits: []
10:01:41.976 [JavaFX Application Thread] DEBUG Engine               - globalMusicVolumeProperty: DoubleProperty [value: 0.5]
10:01:41.976 [JavaFX Application Thread] DEBUG Engine               - isPreserveResizeRatio: false
10:01:41.976 [JavaFX Application Thread] DEBUG Engine               - uIFactory: com.almasb.fxgl.ui.FXGLUIFactory@65581fc3
10:01:41.976 [JavaFX Application Thread] DEBUG Engine               - fontText: Courier-Prime.ttf
10:01:41.977 [JavaFX Application Thread] DEBUG Engine               - isExperimentalTiledLargeMap: false
10:01:41.977 [JavaFX Application Thread] DEBUG Engine               - secondsIn24h: 60
10:01:41.977 [JavaFX Application Thread] DEBUG Engine               - runtimeInfo: RuntimeInfo(platform=WINDOWS, version=11.7, build=05.01.2020 09.37)
10:01:41.977 [JavaFX Application Thread] DEBUG Engine               - isLinux: false
10:01:41.977 [JavaFX Application Thread] DEBUG Engine               - urlGithub: https://github.com/AlmasB/FXGL
10:01:41.977 [JavaFX Application Thread] DEBUG Engine               - soundMenuPress: menu/press.wav
10:01:41.977 [JavaFX Application Thread] DEBUG Engine               - profileDir: profiles/
10:01:41.977 [JavaFX Application Thread] DEBUG Engine               - isDeveloperMenuEnabled: false
10:01:41.977 [JavaFX Application Thread] DEBUG Engine               - globalSoundVolumeProperty: DoubleProperty [value: 0.5]
10:01:41.977 [JavaFX Application Thread] DEBUG Engine               - isBrowser: false
10:01:41.978 [JavaFX Application Thread] DEBUG Engine               - urlLeaderboard: http://fxgl-top.herokuapp.com/
10:01:41.978 [JavaFX Application Thread] DEBUG Engine               - globalSoundVolume: 0.5
10:01:41.978 [JavaFX Application Thread] DEBUG Engine               - saveDir: saves/
10:01:41.979 [JavaFX Application Thread] DEBUG Engine               - engineServices: [class com.almasb.fxgl.audio.AudioPlayer, class com.almasb.fxgl.notification.impl.NotificationServiceProvider, class com.almasb.fxgl.achievement.AchievementManager, class com.almasb.fxgl.cutscene.CutsceneService, class com.almasb.fxgl.minigames.MiniGameService]
10:01:41.979 [JavaFX Application Thread] DEBUG Engine               - globalMusicVolume: 0.5
10:01:41.979 [JavaFX Application Thread] DEBUG Engine               - width: 800
10:01:41.979 [JavaFX Application Thread] DEBUG Engine               - saveFileExt: .sav
10:01:41.979 [JavaFX Application Thread] DEBUG Engine               - isAndroid: false
10:01:41.980 [JavaFX Application Thread] DEBUG Engine               - fontUI: VarelaRound-Regular.ttf
10:01:41.980 [JavaFX Application Thread] DEBUG Engine               - isIOS: false
10:01:41.980 [JavaFX Application Thread] DEBUG Engine               - enabledMenuItems: []
10:01:41.983 [JavaFX Application Thread] DEBUG Engine               - Adding new engine service: class com.almasb.fxgl.audio.AudioPlayer
10:01:41.985 [JavaFX Application Thread] DEBUG Engine               - Adding new engine service: class com.almasb.fxgl.notification.impl.NotificationServiceProvider
10:01:41.985 [JavaFX Application Thread] DEBUG Engine               - Adding new engine service: class com.almasb.fxgl.achievement.AchievementManager
10:01:41.987 [JavaFX Application Thread] DEBUG Engine               - Adding new engine service: class com.almasb.fxgl.cutscene.CutsceneService
10:01:41.988 [JavaFX Application Thread] DEBUG Engine               - Adding new engine service: class com.almasb.fxgl.minigames.MiniGameService
10:01:41.991 [JavaFX Application Thread] DEBUG Engine               - Loading localizations
10:01:41.994 [JavaFX Application Thread] DEBUG AssetLoader          - Loading from file system: /assets/properties/languages/english.properties
10:01:41.998 [JavaFX Application Thread] DEBUG AssetLoader          - Loading from file system: /assets/properties/languages/french.properties
10:01:42.001 [JavaFX Application Thread] DEBUG AssetLoader          - Loading from file system: /assets/properties/languages/german.properties
10:01:42.004 [JavaFX Application Thread] DEBUG AssetLoader          - Loading from file system: /assets/properties/languages/russian.properties
10:01:42.006 [JavaFX Application Thread] DEBUG AssetLoader          - Loading from file system: /assets/properties/languages/hungarian.properties
10:01:42.009 [JavaFX Application Thread] DEBUG Engine               - Registering font factories
10:01:42.011 [JavaFX Application Thread] DEBUG AssetLoader          - Loading from file system: /assets/ui/fonts/VarelaRound-Regular.ttf
10:01:42.346 [JavaFX Application Thread] DEBUG AssetLoader          - Loading from file system: /assets/ui/fonts/Abel-Regular.ttf
10:01:42.359 [JavaFX Application Thread] DEBUG AssetLoader          - Loading from file system: /assets/ui/fonts/lucida_console.ttf
10:01:42.374 [JavaFX Application Thread] DEBUG AssetLoader          - Loading from file system: /assets/ui/fonts/Courier-Prime.ttf
10:01:42.388 [JavaFX Application Thread] DEBUG Engine               - Setting UI factory
10:01:42.521 [JavaFX Application Thread] DEBUG AssetLoader          - Loading from file system: /assets/textures/fxgl_logo.png
10:01:42.591 [JavaFX Application Thread] DEBUG MainWindow           - Creating a JavaFX scene
10:01:42.639 [JavaFX Application Thread] DEBUG MainWindow           - Target settings size: 800.0 x 600.0
10:01:42.639 [JavaFX Application Thread] DEBUG MainWindow           - Scaled scene size:    800.0 x 600.0
10:01:42.639 [JavaFX Application Thread] DEBUG MainWindow           - Scaled ratio: (1.0, 1.0)
10:01:42.642 [JavaFX Application Thread] DEBUG MainWindow           - Set initial scene to FXGLStartupScene
10:01:42.650 [JavaFX Application Thread] DEBUG AssetLoader          - Loading from file system: /assets/textures/fxgl_icon.png
10:01:42.664 [JavaFX Application Thread] DEBUG Engine               - Applying CSS: fxgl_dark.css
10:01:42.664 [JavaFX Application Thread] DEBUG AssetLoader          - Loading from file system: /assets/ui/css/fxgl_dark.css
10:01:42.668 [JavaFX Application Thread] DEBUG AssetLoader          - Loading from file system: /assets/ui/cursors/fxgl_default.png
10:01:42.670 [JavaFX Application Thread] DEBUG MainWindow           - Opening main window
10:01:42.847 [JavaFX Application Thread] DEBUG MainWindow           - Window border size: (14.4000244140625, 37.5999755859375)
10:01:42.848 [JavaFX Application Thread] DEBUG MainWindow           - Scaled size: 800.0 x 600.0
10:01:42.848 [JavaFX Application Thread] DEBUG MainWindow           - Scaled ratio: (1.0, 1.0)
10:01:42.848 [JavaFX Application Thread] DEBUG MainWindow           - Scene size: 800.0 x 600.0
10:01:42.848 [JavaFX Application Thread] DEBUG MainWindow           - Stage size: 814.4000244140625 x 637.5999755859375
10:01:42.881 [FXGL Background Thread 1 ] DEBUG FS                   - Loaded FSServiceImpl
10:01:42.941 [FXGL Background Thread 1 ] DEBUG Engine               - Loading default FXGL system data
10:01:42.943 [FXGL Background Thread 1 ] DEBUG Engine               - Initializing application scenes
10:01:43.052 [FXGL Background Thread 1 ] DEBUG GameWorld            - Game world initialized
10:01:43.145 [FXGL Background Thread 1 ] DEBUG PhysicsWorld         - Physics world initialized: appHeight=600, physics.ppm=50,0
10:01:43.148 [FXGL Background Thread 1 ] DEBUG GameScene            - Game scene initialized: 800x600
10:01:43.196 [FXGL Background Thread 1 ] DEBUG Input                - Registered new binding: Resume - Esc
10:01:43.197 [FXGL Background Thread 1 ] DEBUG AssetLoader          - Loading from file system: /assets/textures/pause_menu_bg.png
10:01:43.239 [FXGL Background Thread 1 ] DEBUG Input                - Registered new binding: Pause - Esc
10:01:43.239 [FXGL Background Thread 1 ] DEBUG Engine               - Application scenes initialized
10:01:43.243 [JavaFX Application Thread] DEBUG Engine               - Running preInit()
10:01:43.245 [JavaFX Application Thread] DEBUG Input                - Registered new binding: Screenshot - P
10:01:43.245 [JavaFX Application Thread] DEBUG Input                - Registered new binding: System info dump - CTRL+9
10:01:43.246 [JavaFX Application Thread] DEBUG Input                - Registered new binding: Restart - CTRL+R
10:01:43.246 [JavaFX Application Thread] DEBUG Engine               - generateDefaultProfile()
10:01:43.246 [JavaFX Application Thread] DEBUG Engine               - Creating default profile
10:01:43.246 [JavaFX Application Thread] DEBUG EventBus             - Firing event: SaveEvent
10:01:43.265 [JavaFX Application Thread] INFO  Engine               - FXGL initialization took: 1,274 sec
10:01:43.266 [JavaFX Application Thread] DEBUG LoopRunner           - Starting loop
10:01:43.280 [JavaFX Application Thread] DEBUG FXGLStartupScene     - STARTUP
10:01:43.280 [JavaFX Application Thread] DEBUG Engine               - Starting new game
10:01:43.290 [JavaFX Application Thread] DEBUG Input                - Clearing active input actions
10:01:43.291 [FXGL Background Thread 1 ] DEBUG InitAppTask          - Clearing previous game
10:01:43.291 [FXGL Background Thread 1 ] DEBUG GameWorld            - Clearing game world
10:01:43.291 [FXGL Background Thread 1 ] DEBUG PhysicsWorld         - Clearing physics world
10:01:43.291 [FXGL Background Thread 1 ] DEBUG GameScene            - Clearing game scene
10:01:43.291 [FXGL Background Thread 1 ] DEBUG InitAppTask          - Initializing Game
10:01:43.293 [FXGL Background Thread 1 ] DEBUG InitAppTask          - Initializing Physics
10:01:43.294 [FXGL Background Thread 1 ] DEBUG InitAppTask          - Initializing UI
10:01:43.294 [FXGL Background Thread 1 ] DEBUG InitAppTask          - Initialization Complete
10:01:43.295 [FXGL Background Thread 1 ] INFO  InitAppTask          - Game initialization took: 0,004 sec
10:01:43.309 [JavaFX Application Thread] DEBUG Engine               - Removing overlay from FXGLStartupScene and adding to LoadingScene
10:01:43.309 [JavaFX Application Thread] DEBUG MainWindow           - FXGLStartupScene -> LoadingScene
10:01:43.394 [JavaFX Application Thread] DEBUG Input                - Clearing active input actions
10:01:43.404 [JavaFX Application Thread] DEBUG Engine               - Removing overlay from LoadingScene and adding to GameScene
10:01:43.404 [JavaFX Application Thread] DEBUG MainWindow           - LoadingScene -> GameScene
10:01:51.138 [JavaFX Application Thread] DEBUG Engine               - Exiting FXGL
10:01:51.138 [JavaFX Application Thread] DEBUG Engine               - Shutting down background threads
10:01:51.139 [JavaFX Application Thread] DEBUG Engine               - Saving FXGL system data
10:01:51.142 [JavaFX Application Thread] DEBUG FSServiceImpl        - Writing to: C:\Users\CTT\eclipse-workspace\DadIsYou\system\fxgl.bundle
10:01:51.157 [JavaFX Application Thread] DEBUG Engine               - Closing logger and exiting JavaFX
